mode: set
github.com/stntngo/avram/alternatives.go:18.52,19.37 1 1
github.com/stntngo/avram/alternatives.go:19.37,23.18 3 1
github.com/stntngo/avram/alternatives.go:23.18,25.4 1 1
github.com/stntngo/avram/alternatives.go:27.3,27.21 1 1
github.com/stntngo/avram/alternatives.go:27.21,30.4 2 1
github.com/stntngo/avram/alternatives.go:32.3,33.18 2 1
github.com/stntngo/avram/alternatives.go:33.18,36.4 2 1
github.com/stntngo/avram/alternatives.go:38.3,38.18 1 1
github.com/stntngo/avram/alternatives.go:54.59,55.37 1 1
github.com/stntngo/avram/alternatives.go:55.37,59.24 3 1
github.com/stntngo/avram/alternatives.go:59.24,61.18 2 1
github.com/stntngo/avram/alternatives.go:61.18,63.5 1 1
github.com/stntngo/avram/alternatives.go:65.4,67.22 2 1
github.com/stntngo/avram/alternatives.go:67.22,68.10 1 1
github.com/stntngo/avram/alternatives.go:73.3,74.56 2 1
github.com/stntngo/avram/alternatives.go:82.62,83.33 1 1
github.com/stntngo/avram/alternatives.go:83.33,85.3 1 1
github.com/stntngo/avram/alternatives.go:87.2,87.27 1 1
github.com/stntngo/avram/combinators.go:9.55,10.37 1 1
github.com/stntngo/avram/combinators.go:10.37,12.17 2 1
github.com/stntngo/avram/combinators.go:12.17,14.4 1 1
github.com/stntngo/avram/combinators.go:16.3,16.18 1 1
github.com/stntngo/avram/combinators.go:21.66,23.38 1 1
github.com/stntngo/avram/combinators.go:23.38,28.4 1 1
github.com/stntngo/avram/combinators.go:36.46,37.39 1 1
github.com/stntngo/avram/combinators.go:37.39,39.24 2 1
github.com/stntngo/avram/combinators.go:39.24,41.18 2 1
github.com/stntngo/avram/combinators.go:41.18,43.5 1 1
github.com/stntngo/avram/combinators.go:45.4,45.16 1 1
github.com/stntngo/avram/combinators.go:48.3,48.18 1 1
github.com/stntngo/avram/combinators.go:54.51,55.39 1 1
github.com/stntngo/avram/combinators.go:55.39,57.26 2 1
github.com/stntngo/avram/combinators.go:57.26,59.18 2 1
github.com/stntngo/avram/combinators.go:59.18,61.5 1 1
github.com/stntngo/avram/combinators.go:63.4,63.26 1 1
github.com/stntngo/avram/combinators.go:66.3,66.18 1 1
github.com/stntngo/avram/combinators.go:72.43,74.39 2 1
github.com/stntngo/avram/combinators.go:74.39,77.7 2 1
github.com/stntngo/avram/combinators.go:77.7,79.18 2 1
github.com/stntngo/avram/combinators.go:79.18,81.5 1 1
github.com/stntngo/avram/combinators.go:83.4,83.26 1 1
github.com/stntngo/avram/combinators.go:90.44,96.2 1 1
github.com/stntngo/avram/combinators.go:100.63,101.39 1 1
github.com/stntngo/avram/combinators.go:101.39,103.7 2 1
github.com/stntngo/avram/combinators.go:103.7,105.18 2 1
github.com/stntngo/avram/combinators.go:105.18,107.5 1 1
github.com/stntngo/avram/combinators.go:109.4,110.18 2 1
github.com/stntngo/avram/combinators.go:110.18,112.5 1 1
github.com/stntngo/avram/combinators.go:114.4,114.25 1 1
github.com/stntngo/avram/combinators.go:120.60,125.2 1 1
github.com/stntngo/avram/combinators.go:128.61,134.2 1 1
github.com/stntngo/avram/combinators.go:137.48,142.2 1 1
github.com/stntngo/avram/combinators.go:145.49,150.2 1 0
github.com/stntngo/avram/combinators.go:155.56,161.34 4 1
github.com/stntngo/avram/combinators.go:161.34,162.18 1 1
github.com/stntngo/avram/combinators.go:162.18,164.4 1 1
github.com/stntngo/avram/combinators.go:166.3,166.14 1 1
github.com/stntngo/avram/combinators.go:169.2,169.10 1 1
github.com/stntngo/avram/combinators.go:197.69,199.32 2 1
github.com/stntngo/avram/combinators.go:199.32,202.42 1 1
github.com/stntngo/avram/combinators.go:202.42,204.6 1 1
github.com/stntngo/avram/combinators.go:212.2,212.23 1 1
github.com/stntngo/avram/combinators.go:223.69,225.37 2 1
github.com/stntngo/avram/combinators.go:225.37,227.17 2 1
github.com/stntngo/avram/combinators.go:227.17,230.4 2 0
github.com/stntngo/avram/combinators.go:232.3,232.7 1 1
github.com/stntngo/avram/combinators.go:232.7,234.18 2 1
github.com/stntngo/avram/combinators.go:234.18,236.5 1 1
github.com/stntngo/avram/combinators.go:238.4,238.34 1 1
github.com/stntngo/avram/combinators.go:243.53,245.2 1 1
github.com/stntngo/avram/lift.go:5.54,6.30 1 0
github.com/stntngo/avram/lift.go:6.30,8.3 1 0
github.com/stntngo/avram/lift.go:13.64,14.35 1 0
github.com/stntngo/avram/lift.go:14.35,16.3 1 0
github.com/stntngo/avram/lift.go:21.73,22.40 1 0
github.com/stntngo/avram/lift.go:22.40,24.3 1 0
github.com/stntngo/avram/lift.go:29.82,30.45 1 0
github.com/stntngo/avram/lift.go:30.45,32.3 1 0
github.com/stntngo/avram/lift.go:38.66,39.37 1 1
github.com/stntngo/avram/lift.go:39.37,41.17 2 1
github.com/stntngo/avram/lift.go:41.17,44.4 2 1
github.com/stntngo/avram/lift.go:46.3,46.17 1 1
github.com/stntngo/avram/lift.go:55.13,56.37 1 1
github.com/stntngo/avram/lift.go:56.37,58.17 2 1
github.com/stntngo/avram/lift.go:58.17,61.4 2 1
github.com/stntngo/avram/lift.go:63.3,64.17 2 1
github.com/stntngo/avram/lift.go:64.17,67.4 2 0
github.com/stntngo/avram/lift.go:69.3,69.23 1 1
github.com/stntngo/avram/lift.go:79.13,80.37 1 0
github.com/stntngo/avram/lift.go:80.37,82.17 2 0
github.com/stntngo/avram/lift.go:82.17,85.4 2 0
github.com/stntngo/avram/lift.go:87.3,88.17 2 0
github.com/stntngo/avram/lift.go:88.17,91.4 2 0
github.com/stntngo/avram/lift.go:93.3,94.17 2 0
github.com/stntngo/avram/lift.go:94.17,97.4 2 0
github.com/stntngo/avram/lift.go:99.3,99.29 1 0
github.com/stntngo/avram/lift.go:110.13,111.37 1 0
github.com/stntngo/avram/lift.go:111.37,113.17 2 0
github.com/stntngo/avram/lift.go:113.17,116.4 2 0
github.com/stntngo/avram/lift.go:118.3,119.17 2 0
github.com/stntngo/avram/lift.go:119.17,122.4 2 0
github.com/stntngo/avram/lift.go:124.3,125.17 2 0
github.com/stntngo/avram/lift.go:125.17,128.4 2 0
github.com/stntngo/avram/lift.go:130.3,131.17 2 0
github.com/stntngo/avram/lift.go:131.17,134.4 2 0
github.com/stntngo/avram/lift.go:136.3,136.35 1 0
github.com/stntngo/avram/pair.go:12.46,17.2 1 0
github.com/stntngo/avram/parser.go:17.63,19.2 1 1
github.com/stntngo/avram/parser.go:23.54,24.37 1 0
github.com/stntngo/avram/parser.go:24.37,26.17 2 0
github.com/stntngo/avram/parser.go:26.17,29.4 2 0
github.com/stntngo/avram/parser.go:31.3,31.18 1 0
github.com/stntngo/avram/parser.go:39.40,40.37 1 1
github.com/stntngo/avram/parser.go:40.37,44.17 3 1
github.com/stntngo/avram/parser.go:44.17,48.4 3 1
github.com/stntngo/avram/parser.go:50.3,50.18 1 1
github.com/stntngo/avram/parser.go:60.43,62.38 2 1
github.com/stntngo/avram/parser.go:62.38,64.17 2 1
github.com/stntngo/avram/parser.go:64.17,66.4 1 1
github.com/stntngo/avram/parser.go:68.3,68.19 1 1
github.com/stntngo/avram/parser.go:75.46,76.37 1 0
github.com/stntngo/avram/parser.go:76.37,78.16 2 0
github.com/stntngo/avram/parser.go:78.16,80.4 1 0
github.com/stntngo/avram/parser.go:82.3,82.14 1 0
github.com/stntngo/avram/parser.go:88.35,89.37 1 1
github.com/stntngo/avram/parser.go:89.37,91.3 1 1
github.com/stntngo/avram/parser.go:96.39,97.37 1 0
github.com/stntngo/avram/parser.go:97.37,100.3 2 0
github.com/stntngo/avram/parser.go:106.82,107.37 1 1
github.com/stntngo/avram/parser.go:107.37,109.17 2 1
github.com/stntngo/avram/parser.go:109.17,112.4 2 0
github.com/stntngo/avram/parser.go:114.3,114.17 1 1
github.com/stntngo/avram/parser.go:114.17,117.4 2 1
github.com/stntngo/avram/parser.go:119.3,119.18 1 1
github.com/stntngo/avram/parser.go:125.65,126.37 1 1
github.com/stntngo/avram/parser.go:126.37,128.17 2 1
github.com/stntngo/avram/parser.go:128.17,131.4 2 0
github.com/stntngo/avram/parser.go:133.3,133.19 1 1
github.com/stntngo/avram/parser.go:139.64,140.37 1 1
github.com/stntngo/avram/parser.go:140.37,141.33 1 1
github.com/stntngo/avram/parser.go:141.33,144.4 2 1
github.com/stntngo/avram/parser.go:146.3,146.14 1 1
github.com/stntngo/avram/parser.go:152.65,153.37 1 1
github.com/stntngo/avram/parser.go:153.37,155.17 2 1
github.com/stntngo/avram/parser.go:155.17,158.4 2 1
github.com/stntngo/avram/parser.go:160.3,160.33 1 1
github.com/stntngo/avram/parser.go:160.33,163.4 2 0
github.com/stntngo/avram/parser.go:165.3,165.19 1 1
github.com/stntngo/avram/parser.go:171.80,176.2 1 1
github.com/stntngo/avram/scanner.go:17.40,21.2 1 1
github.com/stntngo/avram/scanner.go:53.49,54.32 1 1
github.com/stntngo/avram/scanner.go:54.32,58.3 2 1
github.com/stntngo/avram/scanner.go:60.2,65.15 4 1
github.com/stntngo/avram/scanner.go:65.15,67.3 1 1
github.com/stntngo/avram/scanner.go:69.2,69.18 1 1
github.com/stntngo/avram/scanner.go:77.38,78.22 1 1
github.com/stntngo/avram/scanner.go:78.22,80.3 1 0
github.com/stntngo/avram/scanner.go:82.2,87.12 4 1
github.com/stntngo/avram/scanner.go:97.66,101.14 3 1
github.com/stntngo/avram/scanner.go:101.14,104.3 2 0
github.com/stntngo/avram/scanner.go:106.2,106.15 1 1
github.com/stntngo/avram/scanner.go:106.15,109.3 2 1
github.com/stntngo/avram/scanner.go:111.2,112.46 2 1
github.com/stntngo/avram/scanner.go:121.62,124.27 2 1
github.com/stntngo/avram/scanner.go:124.27,126.17 2 1
github.com/stntngo/avram/scanner.go:126.17,129.4 2 0
github.com/stntngo/avram/scanner.go:131.3,131.13 1 1
github.com/stntngo/avram/scanner.go:131.13,134.4 2 1
github.com/stntngo/avram/scanner.go:137.2,137.20 1 1
github.com/stntngo/avram/scanner.go:145.73,147.16 2 1
github.com/stntngo/avram/scanner.go:147.16,149.3 1 1
github.com/stntngo/avram/scanner.go:151.2,151.33 1 1
github.com/stntngo/avram/scanner.go:151.33,153.3 1 1
github.com/stntngo/avram/scanner.go:155.2,155.15 1 1
github.com/stntngo/avram/scanner.go:159.38,161.2 1 1
github.com/stntngo/avram/scanner.go:165.43,166.37 1 1
github.com/stntngo/avram/scanner.go:166.37,168.17 2 1
github.com/stntngo/avram/scanner.go:168.17,171.4 2 1
github.com/stntngo/avram/scanner.go:173.3,173.41 1 1
github.com/stntngo/avram/scanner.go:173.41,176.4 2 0
github.com/stntngo/avram/scanner.go:178.3,178.21 1 1
github.com/stntngo/avram/scanner.go:185.88,186.37 1 1
github.com/stntngo/avram/scanner.go:186.37,190.17 3 1
github.com/stntngo/avram/scanner.go:190.17,193.4 2 0
github.com/stntngo/avram/scanner.go:195.3,197.31 2 1
github.com/stntngo/avram/text.go:11.52,12.42 1 1
github.com/stntngo/avram/text.go:12.42,14.3 1 1
github.com/stntngo/avram/text.go:18.48,19.42 1 1
github.com/stntngo/avram/text.go:19.42,21.3 1 1
github.com/stntngo/avram/text.go:29.43,31.2 1 1
github.com/stntngo/avram/text.go:38.47,40.2 1 0
github.com/stntngo/avram/text.go:47.48,49.2 1 0
github.com/stntngo/avram/text.go:52.32,53.40 1 1
github.com/stntngo/avram/text.go:53.40,54.41 1 1
github.com/stntngo/avram/text.go:54.41,55.14 1 1
github.com/stntngo/avram/text.go:55.14,57.5 1 1
github.com/stntngo/avram/text.go:59.4,59.14 1 1
github.com/stntngo/avram/text.go:65.40,67.23 2 1
github.com/stntngo/avram/text.go:67.23,69.3 1 1
github.com/stntngo/avram/text.go:71.2,71.27 1 1
github.com/stntngo/avram/text.go:71.27,74.3 2 1
github.com/stntngo/avram/text.go:78.38,79.40 1 1
github.com/stntngo/avram/text.go:79.40,80.41 1 1
github.com/stntngo/avram/text.go:80.41,81.24 1 1
github.com/stntngo/avram/text.go:81.24,83.5 1 1
github.com/stntngo/avram/text.go:85.4,85.14 1 1
github.com/stntngo/avram/text.go:92.35,93.40 1 0
github.com/stntngo/avram/text.go:93.40,94.41 1 0
github.com/stntngo/avram/text.go:94.41,95.14 1 0
github.com/stntngo/avram/text.go:95.14,97.5 1 0
github.com/stntngo/avram/text.go:99.4,99.14 1 0
github.com/stntngo/avram/text.go:105.40,108.2 2 0
github.com/stntngo/avram/text.go:114.46,115.40 1 1
github.com/stntngo/avram/text.go:115.40,116.41 1 1
github.com/stntngo/avram/text.go:116.41,117.13 1 1
github.com/stntngo/avram/text.go:117.13,119.5 1 1
github.com/stntngo/avram/text.go:121.4,121.14 1 1
github.com/stntngo/avram/text.go:129.43,134.2 1 0
github.com/stntngo/avram/text.go:138.48,143.2 1 0
github.com/stntngo/avram/text.go:147.33,149.2 1 0
github.com/stntngo/avram/text.go:157.50,159.2 1 1
github.com/stntngo/avram/text.go:167.51,169.2 1 1
github.com/stntngo/avram/text.go:173.49,175.2 1 1
github.com/stntngo/avram/text.go:180.50,183.23 1 1
github.com/stntngo/avram/text.go:183.23,185.4 1 1
github.com/stntngo/avram/text.go:186.22,188.4 1 1
github.com/stntngo/avram/text.go:194.50,195.42 1 1
github.com/stntngo/avram/text.go:195.42,198.17 3 1
github.com/stntngo/avram/text.go:198.17,200.4 1 0
github.com/stntngo/avram/text.go:202.3,202.35 1 1
github.com/stntngo/avram/text.go:207.40,209.2 1 0
github.com/stntngo/avram/text.go:213.40,215.2 1 0
github.com/stntngo/avram/text.go:220.44,222.2 1 0
github.com/stntngo/avram/text.go:224.49,225.24 1 1
github.com/stntngo/avram/text.go:225.24,227.3 1 1
